Analysis & Synthesis report for line_follower
Thu Jan 19 18:10:26 2023
Quartus Prime Version 19.1.0 Build 670 09/22/2019 SJ Lite Edition


---------------------
; Table of Contents ;
---------------------
  1. Legal Notice
  2. Analysis & Synthesis Summary
  3. Analysis & Synthesis Settings
  4. Parallel Compilation
  5. Analysis & Synthesis Source Files Read
  6. Analysis & Synthesis Resource Usage Summary
  7. Analysis & Synthesis Resource Utilization by Entity
  8. State Machine - |line_follower|cf
  9. State Machine - |line_follower|cc
 10. State Machine - |line_follower|cs
 11. Registers Removed During Synthesis
 12. General Register Statistics
 13. Inverted Register Statistics
 14. Multiplexer Restructuring Statistics (Restructuring Performed)
 15. Post-Synthesis Netlist Statistics for Top Partition
 16. Elapsed Time Per Partition
 17. Analysis & Synthesis Messages
 18. Analysis & Synthesis Suppressed Messages



----------------
; Legal Notice ;
----------------
Copyright (C) 2019  Intel Corporation. All rights reserved.
Your use of Intel Corporation's design tools, logic functions 
and other software and tools, and any partner logic 
functions, and any output files from any of the foregoing 
(including device programming or simulation files), and any 
associated documentation or information are expressly subject 
to the terms and conditions of the Intel Program License 
Subscription Agreement, the Intel Quartus Prime License Agreement,
the Intel FPGA IP License Agreement, or other applicable license
agreement, including, without limitation, that your use is for
the sole purpose of programming logic devices manufactured by
Intel and sold by Intel or its authorized distributors.  Please
refer to the applicable agreement for further details, at
https://fpgasoftware.intel.com/eula.



+----------------------------------------------------------------------------------+
; Analysis & Synthesis Summary                                                     ;
+------------------------------------+---------------------------------------------+
; Analysis & Synthesis Status        ; Successful - Thu Jan 19 18:10:26 2023       ;
; Quartus Prime Version              ; 19.1.0 Build 670 09/22/2019 SJ Lite Edition ;
; Revision Name                      ; line_follower                               ;
; Top-level Entity Name              ; line_follower                               ;
; Family                             ; Cyclone IV E                                ;
; Total logic elements               ; 193                                         ;
;     Total combinational functions  ; 156                                         ;
;     Dedicated logic registers      ; 108                                         ;
; Total registers                    ; 108                                         ;
; Total pins                         ; 9                                           ;
; Total virtual pins                 ; 0                                           ;
; Total memory bits                  ; 0                                           ;
; Embedded Multiplier 9-bit elements ; 0                                           ;
; Total PLLs                         ; 0                                           ;
+------------------------------------+---------------------------------------------+


+------------------------------------------------------------------------------------------------------------+
; Analysis & Synthesis Settings                                                                              ;
+------------------------------------------------------------------+--------------------+--------------------+
; Option                                                           ; Setting            ; Default Value      ;
+------------------------------------------------------------------+--------------------+--------------------+
; Device                                                           ; EP4CE22F17C6       ;                    ;
; Top-level entity name                                            ; line_follower      ; line_follower      ;
; Family name                                                      ; Cyclone IV E       ; Cyclone V          ;
; Use smart compilation                                            ; Off                ; Off                ;
; Enable parallel Assembler and Timing Analyzer during compilation ; On                 ; On                 ;
; Enable compact report table                                      ; Off                ; Off                ;
; Restructure Multiplexers                                         ; Auto               ; Auto               ;
; Create Debugging Nodes for IP Cores                              ; Off                ; Off                ;
; Preserve fewer node names                                        ; On                 ; On                 ;
; Intel FPGA IP Evaluation Mode                                    ; Enable             ; Enable             ;
; Verilog Version                                                  ; Verilog_2001       ; Verilog_2001       ;
; VHDL Version                                                     ; VHDL_1993          ; VHDL_1993          ;
; State Machine Processing                                         ; Auto               ; Auto               ;
; Safe State Machine                                               ; Off                ; Off                ;
; Extract Verilog State Machines                                   ; On                 ; On                 ;
; Extract VHDL State Machines                                      ; On                 ; On                 ;
; Ignore Verilog initial constructs                                ; Off                ; Off                ;
; Iteration limit for constant Verilog loops                       ; 5000               ; 5000               ;
; Iteration limit for non-constant Verilog loops                   ; 250                ; 250                ;
; Add Pass-Through Logic to Inferred RAMs                          ; On                 ; On                 ;
; Infer RAMs from Raw Logic                                        ; On                 ; On                 ;
; Parallel Synthesis                                               ; On                 ; On                 ;
; DSP Block Balancing                                              ; Auto               ; Auto               ;
; NOT Gate Push-Back                                               ; On                 ; On                 ;
; Power-Up Don't Care                                              ; On                 ; On                 ;
; Remove Redundant Logic Cells                                     ; Off                ; Off                ;
; Remove Duplicate Registers                                       ; On                 ; On                 ;
; Ignore CARRY Buffers                                             ; Off                ; Off                ;
; Ignore CASCADE Buffers                                           ; Off                ; Off                ;
; Ignore GLOBAL Buffers                                            ; Off                ; Off                ;
; Ignore ROW GLOBAL Buffers                                        ; Off                ; Off                ;
; Ignore LCELL Buffers                                             ; Off                ; Off                ;
; Ignore SOFT Buffers                                              ; On                 ; On                 ;
; Limit AHDL Integers to 32 Bits                                   ; Off                ; Off                ;
; Optimization Technique                                           ; Balanced           ; Balanced           ;
; Carry Chain Length                                               ; 70                 ; 70                 ;
; Auto Carry Chains                                                ; On                 ; On                 ;
; Auto Open-Drain Pins                                             ; On                 ; On                 ;
; Perform WYSIWYG Primitive Resynthesis                            ; Off                ; Off                ;
; Auto ROM Replacement                                             ; On                 ; On                 ;
; Auto RAM Replacement                                             ; On                 ; On                 ;
; Auto DSP Block Replacement                                       ; On                 ; On                 ;
; Auto Shift Register Replacement                                  ; Auto               ; Auto               ;
; Allow Shift Register Merging across Hierarchies                  ; Auto               ; Auto               ;
; Auto Clock Enable Replacement                                    ; On                 ; On                 ;
; Strict RAM Replacement                                           ; Off                ; Off                ;
; Allow Synchronous Control Signals                                ; On                 ; On                 ;
; Force Use of Synchronous Clear Signals                           ; Off                ; Off                ;
; Auto RAM Block Balancing                                         ; On                 ; On                 ;
; Auto RAM to Logic Cell Conversion                                ; Off                ; Off                ;
; Auto Resource Sharing                                            ; Off                ; Off                ;
; Allow Any RAM Size For Recognition                               ; Off                ; Off                ;
; Allow Any ROM Size For Recognition                               ; Off                ; Off                ;
; Allow Any Shift Register Size For Recognition                    ; Off                ; Off                ;
; Use LogicLock Constraints during Resource Balancing              ; On                 ; On                 ;
; Ignore translate_off and synthesis_off directives                ; Off                ; Off                ;
; Timing-Driven Synthesis                                          ; On                 ; On                 ;
; Report Parameter Settings                                        ; On                 ; On                 ;
; Report Source Assignments                                        ; On                 ; On                 ;
; Report Connectivity Checks                                       ; On                 ; On                 ;
; Ignore Maximum Fan-Out Assignments                               ; Off                ; Off                ;
; Synchronization Register Chain Length                            ; 2                  ; 2                  ;
; Power Optimization During Synthesis                              ; Normal compilation ; Normal compilation ;
; HDL message level                                                ; Level2             ; Level2             ;
; Suppress Register Optimization Related Messages                  ; Off                ; Off                ;
; Number of Removed Registers Reported in Synthesis Report         ; 5000               ; 5000               ;
; Number of Swept Nodes Reported in Synthesis Report               ; 5000               ; 5000               ;
; Number of Inverted Registers Reported in Synthesis Report        ; 100                ; 100                ;
; Clock MUX Protection                                             ; On                 ; On                 ;
; Auto Gated Clock Conversion                                      ; Off                ; Off                ;
; Block Design Naming                                              ; Auto               ; Auto               ;
; SDC constraint protection                                        ; Off                ; Off                ;
; Synthesis Effort                                                 ; Auto               ; Auto               ;
; Shift Register Replacement - Allow Asynchronous Clear Signal     ; On                 ; On                 ;
; Pre-Mapping Resynthesis Optimization                             ; Off                ; Off                ;
; Analysis & Synthesis Message Level                               ; Medium             ; Medium             ;
; Disable Register Merging Across Hierarchies                      ; Auto               ; Auto               ;
; Resource Aware Inference For Block RAM                           ; On                 ; On                 ;
+------------------------------------------------------------------+--------------------+--------------------+


+------------------------------------------+
; Parallel Compilation                     ;
+----------------------------+-------------+
; Processors                 ; Number      ;
+----------------------------+-------------+
; Number detected on machine ; 4           ;
; Maximum allowed            ; 4           ;
;                            ;             ;
; Average used               ; 1.00        ;
; Maximum used               ; 4           ;
;                            ;             ;
; Usage by Processor         ; % Time Used ;
;     Processor 1            ; 100.0%      ;
;     Processor 2            ;   0.0%      ;
;     Processors 3-4         ;   0.0%      ;
+----------------------------+-------------+


+----------------------------------------------------------------------------------------------------------------------------------------------------------------------------+
; Analysis & Synthesis Source Files Read                                                                                                                                     ;
+----------------------------------+-----------------+------------------------------+------------------------------------------------------------------------------+---------+
; File Name with User-Entered Path ; Used in Netlist ; File Type                    ; File Name with Absolute Path                                                 ; Library ;
+----------------------------------+-----------------+------------------------------+------------------------------------------------------------------------------+---------+
; line_follower.v                  ; yes             ; Auto-Found Verilog HDL File  ; C:/Users/himan/Documents/GitHub/eyrc22_SB_1135/Line_follower/line_follower.v ;         ;
+----------------------------------+-----------------+------------------------------+------------------------------------------------------------------------------+---------+


+-------------------------------------------------------+
; Analysis & Synthesis Resource Usage Summary           ;
+---------------------------------------------+---------+
; Resource                                    ; Usage   ;
+---------------------------------------------+---------+
; Estimated Total logic elements              ; 193     ;
;                                             ;         ;
; Total combinational functions               ; 156     ;
; Logic element usage by number of LUT inputs ;         ;
;     -- 4 input functions                    ; 78      ;
;     -- 3 input functions                    ; 47      ;
;     -- <=2 input functions                  ; 31      ;
;                                             ;         ;
; Logic elements by mode                      ;         ;
;     -- normal mode                          ; 114     ;
;     -- arithmetic mode                      ; 42      ;
;                                             ;         ;
; Total registers                             ; 108     ;
;     -- Dedicated logic registers            ; 108     ;
;     -- I/O registers                        ; 0       ;
;                                             ;         ;
; I/O pins                                    ; 9       ;
;                                             ;         ;
; Embedded Multiplier 9-bit elements          ; 0       ;
;                                             ;         ;
; Maximum fan-out node                        ; clk_adc ;
; Maximum fan-out                             ; 86      ;
; Total fan-out                               ; 786     ;
; Average fan-out                             ; 2.79    ;
+---------------------------------------------+---------+


+------------------------------------------------------------------------------------------------------------------------------------------------------------------------------------------------------------+
; Analysis & Synthesis Resource Utilization by Entity                                                                                                                                                        ;
+----------------------------+---------------------+---------------------------+-------------+--------------+---------+-----------+------+--------------+---------------------+---------------+--------------+
; Compilation Hierarchy Node ; Combinational ALUTs ; Dedicated Logic Registers ; Memory Bits ; DSP Elements ; DSP 9x9 ; DSP 18x18 ; Pins ; Virtual Pins ; Full Hierarchy Name ; Entity Name   ; Library Name ;
+----------------------------+---------------------+---------------------------+-------------+--------------+---------+-----------+------+--------------+---------------------+---------------+--------------+
; |line_follower             ; 156 (156)           ; 108 (108)                 ; 0           ; 0            ; 0       ; 0         ; 9    ; 0            ; |line_follower      ; line_follower ; work         ;
+----------------------------+---------------------+---------------------------+-------------+--------------+---------+-----------+------+--------------+---------------------+---------------+--------------+
Note: For table entries with two numbers listed, the numbers in parentheses indicate the number of resources of the given type used by the specific entity alone. The numbers listed outside of parentheses indicate the total resources of the given type used by the specific entity and all of its sub-entities in the hierarchy.


Encoding Type:  One-Hot
+-----------------------------------------------+
; State Machine - |line_follower|cf             ;
+-----------+-----------+-----------+-----------+
; Name      ; cf.data_3 ; cf.data_1 ; cf.data_2 ;
+-----------+-----------+-----------+-----------+
; cf.data_1 ; 0         ; 0         ; 0         ;
; cf.data_2 ; 0         ; 1         ; 1         ;
; cf.data_3 ; 1         ; 1         ; 0         ;
+-----------+-----------+-----------+-----------+


Encoding Type:  One-Hot
+-----------------------------------------------------------+
; State Machine - |line_follower|cc                         ;
+--------------+--------------+--------------+--------------+
; Name         ; cc.channel_3 ; cc.channel_1 ; cc.channel_2 ;
+--------------+--------------+--------------+--------------+
; cc.channel_1 ; 0            ; 0            ; 0            ;
; cc.channel_2 ; 0            ; 1            ; 1            ;
; cc.channel_3 ; 1            ; 1            ; 0            ;
+--------------+--------------+--------------+--------------+


Encoding Type:  One-Hot
+---------------------------------------+
; State Machine - |line_follower|cs     ;
+---------+---------+---------+---------+
; Name    ; cs.df_3 ; cs.df_1 ; cs.df_2 ;
+---------+---------+---------+---------+
; cs.df_1 ; 0       ; 0       ; 0       ;
; cs.df_2 ; 0       ; 1       ; 1       ;
; cs.df_3 ; 1       ; 1       ; 0       ;
+---------+---------+---------+---------+


+---------------------------------------------------------------------------------+
; Registers Removed During Synthesis                                              ;
+----------------------------------------+----------------------------------------+
; Register name                          ; Reason for Removal                     ;
+----------------------------------------+----------------------------------------+
; lw_b                                   ; Stuck at GND due to stuck port data_in ;
; lw_dutycycle[5,7]                      ; Merged with lw_dutycycle[0]            ;
; rw_dutycycle[0,5,7]                    ; Merged with lw_dutycycle[0]            ;
; rw_dutycycle[1,3,6]                    ; Merged with lw_dutycycle[2]            ;
; lw_dutycycle[3,6]                      ; Merged with lw_dutycycle[1]            ;
; rw_dutycycle[2]                        ; Merged with lw_dutycycle[1]            ;
; rw_dutycycle[4]                        ; Merged with lw_dutycycle[4]            ;
; pwm_counter[0]                         ; Stuck at GND due to stuck port data_in ;
; lw_dutycycle[0]                        ; Stuck at GND due to stuck port data_in ;
; address_counter[0]                     ; Merged with channel_counter[0]         ;
; cc~4                                   ; Lost fanout                            ;
; cc~5                                   ; Lost fanout                            ;
; cc~6                                   ; Lost fanout                            ;
; channel_counter[1]                     ; Merged with address_counter[1]         ;
; channel_counter[2]                     ; Merged with address_counter[2]         ;
; channel_counter[3]                     ; Merged with address_counter[3]         ;
; channel_counter[4]                     ; Merged with address_counter[4]         ;
; cf.data_1                              ; Merged with cc.channel_1               ;
; cf.data_2                              ; Merged with cc.channel_2               ;
; cf.data_3                              ; Merged with cc.channel_3               ;
; Total Number of Removed Registers = 26 ;                                        ;
+----------------------------------------+----------------------------------------+


+------------------------------------------------------+
; General Register Statistics                          ;
+----------------------------------------------+-------+
; Statistic                                    ; Value ;
+----------------------------------------------+-------+
; Total registers                              ; 108   ;
; Number of registers using Synchronous Clear  ; 0     ;
; Number of registers using Synchronous Load   ; 0     ;
; Number of registers using Asynchronous Clear ; 0     ;
; Number of registers using Asynchronous Load  ; 0     ;
; Number of registers using Clock Enable       ; 48    ;
; Number of registers using Preset             ; 0     ;
+----------------------------------------------+-------+


+--------------------------------------------------+
; Inverted Register Statistics                     ;
+----------------------------------------+---------+
; Inverted Register                      ; Fan out ;
+----------------------------------------+---------+
; flag_decision                          ; 8       ;
; Total number of inverted registers = 1 ;         ;
+----------------------------------------+---------+


+-------------------------------------------------------------------------------------------------------------------------------------------------+
; Multiplexer Restructuring Statistics (Restructuring Performed)                                                                                  ;
+--------------------+-----------+---------------+----------------------+------------------------+------------+-----------------------------------+
; Multiplexer Inputs ; Bus Width ; Baseline Area ; Area if Restructured ; Saving if Restructured ; Registered ; Example Multiplexer Output        ;
+--------------------+-----------+---------------+----------------------+------------------------+------------+-----------------------------------+
; 5:1                ; 3 bits    ; 9 LEs         ; 6 LEs                ; 3 LEs                  ; No         ; |line_follower|rw_dutycycle       ;
; 6:1                ; 2 bits    ; 8 LEs         ; 8 LEs                ; 0 LEs                  ; No         ; |line_follower|flag_left_movement ;
+--------------------+-----------+---------------+----------------------+------------------------+------------+-----------------------------------+


+-----------------------------------------------------+
; Post-Synthesis Netlist Statistics for Top Partition ;
+-----------------------+-----------------------------+
; Type                  ; Count                       ;
+-----------------------+-----------------------------+
; boundary_port         ; 9                           ;
; cycloneiii_ff         ; 108                         ;
;     ENA               ; 48                          ;
;     plain             ; 60                          ;
; cycloneiii_lcell_comb ; 157                         ;
;     arith             ; 42                          ;
;         2 data inputs ; 10                          ;
;         3 data inputs ; 32                          ;
;     normal            ; 115                         ;
;         0 data inputs ; 1                           ;
;         1 data inputs ; 6                           ;
;         2 data inputs ; 15                          ;
;         3 data inputs ; 15                          ;
;         4 data inputs ; 78                          ;
;                       ;                             ;
; Max LUT depth         ; 16.60                       ;
; Average LUT depth     ; 9.00                        ;
+-----------------------+-----------------------------+


+-------------------------------+
; Elapsed Time Per Partition    ;
+----------------+--------------+
; Partition Name ; Elapsed Time ;
+----------------+--------------+
; Top            ; 00:00:00     ;
+----------------+--------------+


+-------------------------------+
; Analysis & Synthesis Messages ;
+-------------------------------+
Info: *******************************************************************
Info: Running Quartus Prime Analysis & Synthesis
    Info: Version 19.1.0 Build 670 09/22/2019 SJ Lite Edition
    Info: Processing started: Thu Jan 19 18:10:13 2023
Info: Command: quartus_map --read_settings_files=on --write_settings_files=off line_follower -c line_follower
Warning (18236): Number of processors has not been specified which may cause overloading on shared machines.  Set the global assignment NUM_PARALLEL_PROCESSORS in your QSF to an appropriate value for best performance.
Info (20030): Parallel compilation is enabled and will use 4 of the 4 processors detected
Warning (12125): Using design file line_follower.v, which is not specified as a design file for the current project, but contains definitions for 1 design units and 1 entities in project
    Info (12023): Found entity 1: line_follower File: C:/Users/himan/Documents/GitHub/eyrc22_SB_1135/Line_follower/line_follower.v Line: 2
Info (12127): Elaborating entity "line_follower" for the top level hierarchy
Warning (10036): Verilog HDL or VHDL warning at line_follower.v(70): object "Data_ch5" assigned a value but never read File: C:/Users/himan/Documents/GitHub/eyrc22_SB_1135/Line_follower/line_follower.v Line: 70
Warning (10036): Verilog HDL or VHDL warning at line_follower.v(71): object "Data_ch6" assigned a value but never read File: C:/Users/himan/Documents/GitHub/eyrc22_SB_1135/Line_follower/line_follower.v Line: 71
Warning (10036): Verilog HDL or VHDL warning at line_follower.v(72): object "Data_ch7" assigned a value but never read File: C:/Users/himan/Documents/GitHub/eyrc22_SB_1135/Line_follower/line_follower.v Line: 72
Warning (10036): Verilog HDL or VHDL warning at line_follower.v(110): object "flag_normal_movement" assigned a value but never read File: C:/Users/himan/Documents/GitHub/eyrc22_SB_1135/Line_follower/line_follower.v Line: 110
Warning (10230): Verilog HDL assignment warning at line_follower.v(38): truncated value with size 2 to match size of target (1) File: C:/Users/himan/Documents/GitHub/eyrc22_SB_1135/Line_follower/line_follower.v Line: 38
Warning (10230): Verilog HDL assignment warning at line_follower.v(89): truncated value with size 12 to match size of target (1) File: C:/Users/himan/Documents/GitHub/eyrc22_SB_1135/Line_follower/line_follower.v Line: 89
Warning (10230): Verilog HDL assignment warning at line_follower.v(470): truncated value with size 32 to match size of target (5) File: C:/Users/himan/Documents/GitHub/eyrc22_SB_1135/Line_follower/line_follower.v Line: 470
Warning (10230): Verilog HDL assignment warning at line_follower.v(549): truncated value with size 32 to match size of target (5) File: C:/Users/himan/Documents/GitHub/eyrc22_SB_1135/Line_follower/line_follower.v Line: 549
Warning (13024): Output pins are stuck at VCC or GND
    Warning (13410): Pin "adc_chip_select" is stuck at GND File: C:/Users/himan/Documents/GitHub/eyrc22_SB_1135/Line_follower/line_follower.v Line: 11
    Warning (13410): Pin "RW_B" is stuck at GND File: C:/Users/himan/Documents/GitHub/eyrc22_SB_1135/Line_follower/line_follower.v Line: 16
    Warning (13410): Pin "LW_B" is stuck at GND File: C:/Users/himan/Documents/GitHub/eyrc22_SB_1135/Line_follower/line_follower.v Line: 22
Info (286030): Timing-Driven Synthesis is running
Info (17049): 3 registers lost all their fanouts during netlist optimizations.
Info (144001): Generated suppressed messages file C:/Users/himan/Documents/GitHub/eyrc22_SB_1135/Line_follower/output_files/line_follower.map.smsg
Info (16010): Generating hard_block partition "hard_block:auto_generated_inst"
    Info (16011): Adding 0 node(s), including 0 DDIO, 0 PLL, 0 transceiver and 0 LCELL
Info (21057): Implemented 251 device resources after synthesis - the final resource count might be different
    Info (21058): Implemented 2 input pins
    Info (21059): Implemented 7 output pins
    Info (21061): Implemented 242 logic cells
Info: Quartus Prime Analysis & Synthesis was successful. 0 errors, 14 warnings
    Info: Peak virtual memory: 4760 megabytes
    Info: Processing ended: Thu Jan 19 18:10:26 2023
    Info: Elapsed time: 00:00:13
    Info: Total CPU time (on all processors): 00:00:19


+------------------------------------------+
; Analysis & Synthesis Suppressed Messages ;
+------------------------------------------+
The suppressed messages can be found in C:/Users/himan/Documents/GitHub/eyrc22_SB_1135/Line_follower/output_files/line_follower.map.smsg.


