Analysis & Synthesis report for uart
Fri Oct 28 23:29:59 2022
Quartus Prime Version 19.1.0 Build 670 09/22/2019 SJ Lite Edition


---------------------
; Table of Contents ;
---------------------
  1. Legal Notice
  2. Analysis & Synthesis Summary
  3. Analysis & Synthesis Settings
  4. Parallel Compilation
  5. Analysis & Synthesis Source Files Read
  6. Analysis & Synthesis Resource Usage Summary
  7. Analysis & Synthesis Resource Utilization by Entity
  8. State Machine - |uart|state4
  9. State Machine - |uart|state3
 10. State Machine - |uart|state2
 11. State Machine - |uart|int_count
 12. State Machine - |uart|state1
 13. State Machine - |uart|states
 14. Registers Removed During Synthesis
 15. Removed Registers Triggering Further Register Optimizations
 16. General Register Statistics
 17. Inverted Register Statistics
 18. Multiplexer Restructuring Statistics (Restructuring Performed)
 19. Post-Synthesis Netlist Statistics for Top Partition
 20. Elapsed Time Per Partition
 21. Analysis & Synthesis Messages
 22. Analysis & Synthesis Suppressed Messages



----------------
; Legal Notice ;
----------------
Copyright (C) 2019  Intel Corporation. All rights reserved.
Your use of Intel Corporation's design tools, logic functions 
and other software and tools, and any partner logic 
functions, and any output files from any of the foregoing 
(including device programming or simulation files), and any 
associated documentation or information are expressly subject 
to the terms and conditions of the Intel Program License 
Subscription Agreement, the Intel Quartus Prime License Agreement,
the Intel FPGA IP License Agreement, or other applicable license
agreement, including, without limitation, that your use is for
the sole purpose of programming logic devices manufactured by
Intel and sold by Intel or its authorized distributors.  Please
refer to the applicable agreement for further details, at
https://fpgasoftware.intel.com/eula.



+----------------------------------------------------------------------------------+
; Analysis & Synthesis Summary                                                     ;
+------------------------------------+---------------------------------------------+
; Analysis & Synthesis Status        ; Successful - Fri Oct 28 23:29:59 2022       ;
; Quartus Prime Version              ; 19.1.0 Build 670 09/22/2019 SJ Lite Edition ;
; Revision Name                      ; uart                                        ;
; Top-level Entity Name              ; uart                                        ;
; Family                             ; Cyclone IV E                                ;
; Total logic elements               ; 178                                         ;
;     Total combinational functions  ; 172                                         ;
;     Dedicated logic registers      ; 78                                          ;
; Total registers                    ; 78                                          ;
; Total pins                         ; 2                                           ;
; Total virtual pins                 ; 0                                           ;
; Total memory bits                  ; 0                                           ;
; Embedded Multiplier 9-bit elements ; 0                                           ;
; Total PLLs                         ; 0                                           ;
+------------------------------------+---------------------------------------------+


+------------------------------------------------------------------------------------------------------------+
; Analysis & Synthesis Settings                                                                              ;
+------------------------------------------------------------------+--------------------+--------------------+
; Option                                                           ; Setting            ; Default Value      ;
+------------------------------------------------------------------+--------------------+--------------------+
; Device                                                           ; EP4CE22F17C6       ;                    ;
; Top-level entity name                                            ; uart               ; uart               ;
; Family name                                                      ; Cyclone IV E       ; Cyclone V          ;
; Use smart compilation                                            ; Off                ; Off                ;
; Enable parallel Assembler and Timing Analyzer during compilation ; On                 ; On                 ;
; Enable compact report table                                      ; Off                ; Off                ;
; Restructure Multiplexers                                         ; Auto               ; Auto               ;
; Create Debugging Nodes for IP Cores                              ; Off                ; Off                ;
; Preserve fewer node names                                        ; On                 ; On                 ;
; Intel FPGA IP Evaluation Mode                                    ; Enable             ; Enable             ;
; Verilog Version                                                  ; Verilog_2001       ; Verilog_2001       ;
; VHDL Version                                                     ; VHDL_1993          ; VHDL_1993          ;
; State Machine Processing                                         ; Auto               ; Auto               ;
; Safe State Machine                                               ; Off                ; Off                ;
; Extract Verilog State Machines                                   ; On                 ; On                 ;
; Extract VHDL State Machines                                      ; On                 ; On                 ;
; Ignore Verilog initial constructs                                ; Off                ; Off                ;
; Iteration limit for constant Verilog loops                       ; 5000               ; 5000               ;
; Iteration limit for non-constant Verilog loops                   ; 250                ; 250                ;
; Add Pass-Through Logic to Inferred RAMs                          ; On                 ; On                 ;
; Infer RAMs from Raw Logic                                        ; On                 ; On                 ;
; Parallel Synthesis                                               ; On                 ; On                 ;
; DSP Block Balancing                                              ; Auto               ; Auto               ;
; NOT Gate Push-Back                                               ; On                 ; On                 ;
; Power-Up Don't Care                                              ; On                 ; On                 ;
; Remove Redundant Logic Cells                                     ; Off                ; Off                ;
; Remove Duplicate Registers                                       ; On                 ; On                 ;
; Ignore CARRY Buffers                                             ; Off                ; Off                ;
; Ignore CASCADE Buffers                                           ; Off                ; Off                ;
; Ignore GLOBAL Buffers                                            ; Off                ; Off                ;
; Ignore ROW GLOBAL Buffers                                        ; Off                ; Off                ;
; Ignore LCELL Buffers                                             ; Off                ; Off                ;
; Ignore SOFT Buffers                                              ; On                 ; On                 ;
; Limit AHDL Integers to 32 Bits                                   ; Off                ; Off                ;
; Optimization Technique                                           ; Balanced           ; Balanced           ;
; Carry Chain Length                                               ; 70                 ; 70                 ;
; Auto Carry Chains                                                ; On                 ; On                 ;
; Auto Open-Drain Pins                                             ; On                 ; On                 ;
; Perform WYSIWYG Primitive Resynthesis                            ; Off                ; Off                ;
; Auto ROM Replacement                                             ; On                 ; On                 ;
; Auto RAM Replacement                                             ; On                 ; On                 ;
; Auto DSP Block Replacement                                       ; On                 ; On                 ;
; Auto Shift Register Replacement                                  ; Auto               ; Auto               ;
; Allow Shift Register Merging across Hierarchies                  ; Auto               ; Auto               ;
; Auto Clock Enable Replacement                                    ; On                 ; On                 ;
; Strict RAM Replacement                                           ; Off                ; Off                ;
; Allow Synchronous Control Signals                                ; On                 ; On                 ;
; Force Use of Synchronous Clear Signals                           ; Off                ; Off                ;
; Auto RAM Block Balancing                                         ; On                 ; On                 ;
; Auto RAM to Logic Cell Conversion                                ; Off                ; Off                ;
; Auto Resource Sharing                                            ; Off                ; Off                ;
; Allow Any RAM Size For Recognition                               ; Off                ; Off                ;
; Allow Any ROM Size For Recognition                               ; Off                ; Off                ;
; Allow Any Shift Register Size For Recognition                    ; Off                ; Off                ;
; Use LogicLock Constraints during Resource Balancing              ; On                 ; On                 ;
; Ignore translate_off and synthesis_off directives                ; Off                ; Off                ;
; Timing-Driven Synthesis                                          ; On                 ; On                 ;
; Report Parameter Settings                                        ; On                 ; On                 ;
; Report Source Assignments                                        ; On                 ; On                 ;
; Report Connectivity Checks                                       ; On                 ; On                 ;
; Ignore Maximum Fan-Out Assignments                               ; Off                ; Off                ;
; Synchronization Register Chain Length                            ; 2                  ; 2                  ;
; Power Optimization During Synthesis                              ; Normal compilation ; Normal compilation ;
; HDL message level                                                ; Level2             ; Level2             ;
; Suppress Register Optimization Related Messages                  ; Off                ; Off                ;
; Number of Removed Registers Reported in Synthesis Report         ; 5000               ; 5000               ;
; Number of Swept Nodes Reported in Synthesis Report               ; 5000               ; 5000               ;
; Number of Inverted Registers Reported in Synthesis Report        ; 100                ; 100                ;
; Clock MUX Protection                                             ; On                 ; On                 ;
; Auto Gated Clock Conversion                                      ; Off                ; Off                ;
; Block Design Naming                                              ; Auto               ; Auto               ;
; SDC constraint protection                                        ; Off                ; Off                ;
; Synthesis Effort                                                 ; Auto               ; Auto               ;
; Shift Register Replacement - Allow Asynchronous Clear Signal     ; On                 ; On                 ;
; Pre-Mapping Resynthesis Optimization                             ; Off                ; Off                ;
; Analysis & Synthesis Message Level                               ; Medium             ; Medium             ;
; Disable Register Merging Across Hierarchies                      ; Auto               ; Auto               ;
; Resource Aware Inference For Block RAM                           ; On                 ; On                 ;
+------------------------------------------------------------------+--------------------+--------------------+


+------------------------------------------+
; Parallel Compilation                     ;
+----------------------------+-------------+
; Processors                 ; Number      ;
+----------------------------+-------------+
; Number detected on machine ; 4           ;
; Maximum allowed            ; 4           ;
;                            ;             ;
; Average used               ; 1.00        ;
; Maximum used               ; 4           ;
;                            ;             ;
; Usage by Processor         ; % Time Used ;
;     Processor 1            ; 100.0%      ;
;     Processors 2-4         ;   0.0%      ;
+----------------------------+-------------+


+------------------------------------------------------------------------------------------------------------------------------------+
; Analysis & Synthesis Source Files Read                                                                                             ;
+----------------------------------+-----------------+------------------------+--------------------------------------------+---------+
; File Name with User-Entered Path ; Used in Netlist ; File Type              ; File Name with Absolute Path               ; Library ;
+----------------------------------+-----------------+------------------------+--------------------------------------------+---------+
; uart.v                           ; yes             ; User Verilog HDL File  ; C:/Users/himan/Desktop/verilog/uart/uart.v ;         ;
+----------------------------------+-----------------+------------------------+--------------------------------------------+---------+


+-------------------------------------------------------------+
; Analysis & Synthesis Resource Usage Summary                 ;
+---------------------------------------------+---------------+
; Resource                                    ; Usage         ;
+---------------------------------------------+---------------+
; Estimated Total logic elements              ; 178           ;
;                                             ;               ;
; Total combinational functions               ; 172           ;
; Logic element usage by number of LUT inputs ;               ;
;     -- 4 input functions                    ; 95            ;
;     -- 3 input functions                    ; 16            ;
;     -- <=2 input functions                  ; 61            ;
;                                             ;               ;
; Logic elements by mode                      ;               ;
;     -- normal mode                          ; 141           ;
;     -- arithmetic mode                      ; 31            ;
;                                             ;               ;
; Total registers                             ; 78            ;
;     -- Dedicated logic registers            ; 78            ;
;     -- I/O registers                        ; 0             ;
;                                             ;               ;
; I/O pins                                    ; 2             ;
;                                             ;               ;
; Embedded Multiplier 9-bit elements          ; 0             ;
;                                             ;               ;
; Maximum fan-out node                        ; clk_50M~input ;
; Maximum fan-out                             ; 78            ;
; Total fan-out                               ; 763           ;
; Average fan-out                             ; 3.00          ;
+---------------------------------------------+---------------+


+----------------------------------------------------------------------------------------------------------------------------------------------------------------------------------------------------------+
; Analysis & Synthesis Resource Utilization by Entity                                                                                                                                                      ;
+----------------------------+---------------------+---------------------------+-------------+--------------+---------+-----------+------+--------------+---------------------+-------------+--------------+
; Compilation Hierarchy Node ; Combinational ALUTs ; Dedicated Logic Registers ; Memory Bits ; DSP Elements ; DSP 9x9 ; DSP 18x18 ; Pins ; Virtual Pins ; Full Hierarchy Name ; Entity Name ; Library Name ;
+----------------------------+---------------------+---------------------------+-------------+--------------+---------+-----------+------+--------------+---------------------+-------------+--------------+
; |uart                      ; 172 (172)           ; 78 (78)                   ; 0           ; 0            ; 0       ; 0         ; 2    ; 0            ; |uart               ; uart        ; work         ;
+----------------------------+---------------------+---------------------------+-------------+--------------+---------+-----------+------+--------------+---------------------+-------------+--------------+
Note: For table entries with two numbers listed, the numbers in parentheses indicate the number of resources of the given type used by the specific entity alone. The numbers listed outside of parentheses indicate the total resources of the given type used by the specific entity and all of its sub-entities in the hierarchy.


Encoding Type:  One-Hot
+--------------------------------------------------------------------------------------------------------------------------------------------------------------------------+
; State Machine - |uart|state4                                                                                                                                             ;
+------------------+------------------+------------------+------------------+------------------+------------------+------------------+------------------+------------------+
; Name             ; state4.state_fv8 ; state4.state_fv7 ; state4.state_fv6 ; state4.state_fv5 ; state4.state_fv4 ; state4.state_fv3 ; state4.state_fv2 ; state4.state_fv1 ;
+------------------+------------------+------------------+------------------+------------------+------------------+------------------+------------------+------------------+
; state4.state_fv1 ; 0                ; 0                ; 0                ; 0                ; 0                ; 0                ; 0                ; 0                ;
; state4.state_fv2 ; 0                ; 0                ; 0                ; 0                ; 0                ; 0                ; 1                ; 1                ;
; state4.state_fv3 ; 0                ; 0                ; 0                ; 0                ; 0                ; 1                ; 0                ; 1                ;
; state4.state_fv4 ; 0                ; 0                ; 0                ; 0                ; 1                ; 0                ; 0                ; 1                ;
; state4.state_fv5 ; 0                ; 0                ; 0                ; 1                ; 0                ; 0                ; 0                ; 1                ;
; state4.state_fv6 ; 0                ; 0                ; 1                ; 0                ; 0                ; 0                ; 0                ; 1                ;
; state4.state_fv7 ; 0                ; 1                ; 0                ; 0                ; 0                ; 0                ; 0                ; 1                ;
; state4.state_fv8 ; 1                ; 0                ; 0                ; 0                ; 0                ; 0                ; 0                ; 1                ;
+------------------+------------------+------------------+------------------+------------------+------------------+------------------+------------------+------------------+


Encoding Type:  One-Hot
+--------------------------------------------------------------------------------------------------------------------------------------------------------------------------+
; State Machine - |uart|state3                                                                                                                                             ;
+------------------+------------------+------------------+------------------+------------------+------------------+------------------+------------------+------------------+
; Name             ; state3.state_th8 ; state3.state_th7 ; state3.state_th6 ; state3.state_th5 ; state3.state_th4 ; state3.state_th3 ; state3.state_th2 ; state3.state_th1 ;
+------------------+------------------+------------------+------------------+------------------+------------------+------------------+------------------+------------------+
; state3.state_th1 ; 0                ; 0                ; 0                ; 0                ; 0                ; 0                ; 0                ; 0                ;
; state3.state_th2 ; 0                ; 0                ; 0                ; 0                ; 0                ; 0                ; 1                ; 1                ;
; state3.state_th3 ; 0                ; 0                ; 0                ; 0                ; 0                ; 1                ; 0                ; 1                ;
; state3.state_th4 ; 0                ; 0                ; 0                ; 0                ; 1                ; 0                ; 0                ; 1                ;
; state3.state_th5 ; 0                ; 0                ; 0                ; 1                ; 0                ; 0                ; 0                ; 1                ;
; state3.state_th6 ; 0                ; 0                ; 1                ; 0                ; 0                ; 0                ; 0                ; 1                ;
; state3.state_th7 ; 0                ; 1                ; 0                ; 0                ; 0                ; 0                ; 0                ; 1                ;
; state3.state_th8 ; 1                ; 0                ; 0                ; 0                ; 0                ; 0                ; 0                ; 1                ;
+------------------+------------------+------------------+------------------+------------------+------------------+------------------+------------------+------------------+


Encoding Type:  One-Hot
+-----------------------------------------------------------------------------------------------------------------------------------------------------------------+
; State Machine - |uart|state2                                                                                                                                    ;
+-----------------+-----------------+-----------------+-----------------+-----------------+-----------------+-----------------+-----------------+-----------------+
; Name            ; state2.state_b8 ; state2.state_b7 ; state2.state_b6 ; state2.state_b5 ; state2.state_b4 ; state2.state_b3 ; state2.state_b2 ; state2.state_b1 ;
+-----------------+-----------------+-----------------+-----------------+-----------------+-----------------+-----------------+-----------------+-----------------+
; state2.state_b1 ; 0               ; 0               ; 0               ; 0               ; 0               ; 0               ; 0               ; 0               ;
; state2.state_b2 ; 0               ; 0               ; 0               ; 0               ; 0               ; 0               ; 1               ; 1               ;
; state2.state_b3 ; 0               ; 0               ; 0               ; 0               ; 0               ; 1               ; 0               ; 1               ;
; state2.state_b4 ; 0               ; 0               ; 0               ; 0               ; 1               ; 0               ; 0               ; 1               ;
; state2.state_b5 ; 0               ; 0               ; 0               ; 1               ; 0               ; 0               ; 0               ; 1               ;
; state2.state_b6 ; 0               ; 0               ; 1               ; 0               ; 0               ; 0               ; 0               ; 1               ;
; state2.state_b7 ; 0               ; 1               ; 0               ; 0               ; 0               ; 0               ; 0               ; 1               ;
; state2.state_b8 ; 1               ; 0               ; 0               ; 0               ; 0               ; 0               ; 0               ; 1               ;
+-----------------+-----------------+-----------------+-----------------+-----------------+-----------------+-----------------+-----------------+-----------------+


Encoding Type:  One-Hot
+-------------------------------------------------------------------------------+
; State Machine - |uart|int_count                                               ;
+---------------+---------------+---------------+---------------+---------------+
; Name          ; int_count.011 ; int_count.010 ; int_count.001 ; int_count.000 ;
+---------------+---------------+---------------+---------------+---------------+
; int_count.000 ; 0             ; 0             ; 0             ; 0             ;
; int_count.001 ; 0             ; 0             ; 1             ; 1             ;
; int_count.010 ; 0             ; 1             ; 0             ; 1             ;
; int_count.011 ; 1             ; 0             ; 0             ; 1             ;
+---------------+---------------+---------------+---------------+---------------+


Encoding Type:  One-Hot
+-----------------------------------------------------------------------------------------------------------------------------------------------------------------+
; State Machine - |uart|state1                                                                                                                                    ;
+-----------------+-----------------+-----------------+-----------------+-----------------+-----------------+-----------------+-----------------+-----------------+
; Name            ; state1.state_s8 ; state1.state_s7 ; state1.state_s6 ; state1.state_s5 ; state1.state_s4 ; state1.state_s3 ; state1.state_s2 ; state1.state_s1 ;
+-----------------+-----------------+-----------------+-----------------+-----------------+-----------------+-----------------+-----------------+-----------------+
; state1.state_s1 ; 0               ; 0               ; 0               ; 0               ; 0               ; 0               ; 0               ; 0               ;
; state1.state_s2 ; 0               ; 0               ; 0               ; 0               ; 0               ; 0               ; 1               ; 1               ;
; state1.state_s3 ; 0               ; 0               ; 0               ; 0               ; 0               ; 1               ; 0               ; 1               ;
; state1.state_s4 ; 0               ; 0               ; 0               ; 0               ; 1               ; 0               ; 0               ; 1               ;
; state1.state_s5 ; 0               ; 0               ; 0               ; 1               ; 0               ; 0               ; 0               ; 1               ;
; state1.state_s6 ; 0               ; 0               ; 1               ; 0               ; 0               ; 0               ; 0               ; 1               ;
; state1.state_s7 ; 0               ; 1               ; 0               ; 0               ; 0               ; 0               ; 0               ; 1               ;
; state1.state_s8 ; 1               ; 0               ; 0               ; 0               ; 0               ; 0               ; 0               ; 1               ;
+-----------------+-----------------+-----------------+-----------------+-----------------+-----------------+-----------------+-----------------+-----------------+


Encoding Type:  One-Hot
+--------------------------------------------------------------------------------------------------------------------------------------------------+
; State Machine - |uart|states                                                                                                                     ;
+-----------------+-----------------+-----------------+----------------+----------------+-------------+--------------+-------------+---------------+
; Name            ; states.state_fv ; states.state_th ; states.state_b ; states.state_s ; states.stop ; states.start ; states.idle ; states.finish ;
+-----------------+-----------------+-----------------+----------------+----------------+-------------+--------------+-------------+---------------+
; states.idle     ; 0               ; 0               ; 0              ; 0              ; 0           ; 0            ; 0           ; 0             ;
; states.start    ; 0               ; 0               ; 0              ; 0              ; 0           ; 1            ; 1           ; 0             ;
; states.stop     ; 0               ; 0               ; 0              ; 0              ; 1           ; 0            ; 1           ; 0             ;
; states.state_s  ; 0               ; 0               ; 0              ; 1              ; 0           ; 0            ; 1           ; 0             ;
; states.state_b  ; 0               ; 0               ; 1              ; 0              ; 0           ; 0            ; 1           ; 0             ;
; states.state_th ; 0               ; 1               ; 0              ; 0              ; 0           ; 0            ; 1           ; 0             ;
; states.state_fv ; 1               ; 0               ; 0              ; 0              ; 0           ; 0            ; 1           ; 0             ;
; states.finish   ; 0               ; 0               ; 0              ; 0              ; 0           ; 0            ; 1           ; 1             ;
+-----------------+-----------------+-----------------+----------------+----------------+-------------+--------------+-------------+---------------+


+-------------------------------------------------------------+
; Registers Removed During Synthesis                          ;
+----------------------------------------+--------------------+
; Register name                          ; Reason for Removal ;
+----------------------------------------+--------------------+
; state4~10                              ; Lost fanout        ;
; state4~11                              ; Lost fanout        ;
; state4~12                              ; Lost fanout        ;
; state4~14                              ; Lost fanout        ;
; state4~15                              ; Lost fanout        ;
; state3~10                              ; Lost fanout        ;
; state3~11                              ; Lost fanout        ;
; state3~12                              ; Lost fanout        ;
; state3~14                              ; Lost fanout        ;
; state3~15                              ; Lost fanout        ;
; state2~10                              ; Lost fanout        ;
; state2~11                              ; Lost fanout        ;
; state2~12                              ; Lost fanout        ;
; state2~14                              ; Lost fanout        ;
; state2~15                              ; Lost fanout        ;
; int_count~2                            ; Lost fanout        ;
; int_count~3                            ; Lost fanout        ;
; int_count~4                            ; Lost fanout        ;
; state1~10                              ; Lost fanout        ;
; state1~11                              ; Lost fanout        ;
; state1~12                              ; Lost fanout        ;
; state1~14                              ; Lost fanout        ;
; state1~15                              ; Lost fanout        ;
; states~14                              ; Lost fanout        ;
; states~15                              ; Lost fanout        ;
; states~16                              ; Lost fanout        ;
; states~17                              ; Lost fanout        ;
; states~18                              ; Lost fanout        ;
; int_count.011                          ; Lost fanout        ;
; states.finish                          ; Lost fanout        ;
; Total Number of Removed Registers = 30 ;                    ;
+----------------------------------------+--------------------+


+-----------------------------------------------------------------------------+
; Removed Registers Triggering Further Register Optimizations                 ;
+---------------+--------------------+----------------------------------------+
; Register name ; Reason for Removal ; Registers Removed due to This Register ;
+---------------+--------------------+----------------------------------------+
; int_count~2   ; Lost Fanouts       ; int_count.011                          ;
; states~14     ; Lost Fanouts       ; states.finish                          ;
+---------------+--------------------+----------------------------------------+


+------------------------------------------------------+
; General Register Statistics                          ;
+----------------------------------------------+-------+
; Statistic                                    ; Value ;
+----------------------------------------------+-------+
; Total registers                              ; 78    ;
; Number of registers using Synchronous Clear  ; 14    ;
; Number of registers using Synchronous Load   ; 0     ;
; Number of registers using Asynchronous Clear ; 0     ;
; Number of registers using Asynchronous Load  ; 0     ;
; Number of registers using Clock Enable       ; 42    ;
; Number of registers using Preset             ; 0     ;
+----------------------------------------------+-------+


+--------------------------------------------------+
; Inverted Register Statistics                     ;
+----------------------------------------+---------+
; Inverted Register                      ; Fan out ;
+----------------------------------------+---------+
; d                                      ; 47      ;
; Total number of inverted registers = 1 ;         ;
+----------------------------------------+---------+


+------------------------------------------------------------------------------------------------------------------------------------------+
; Multiplexer Restructuring Statistics (Restructuring Performed)                                                                           ;
+--------------------+-----------+---------------+----------------------+------------------------+------------+----------------------------+
; Multiplexer Inputs ; Bus Width ; Baseline Area ; Area if Restructured ; Saving if Restructured ; Registered ; Example Multiplexer Output ;
+--------------------+-----------+---------------+----------------------+------------------------+------------+----------------------------+
; 15:1               ; 32 bits   ; 320 LEs       ; 32 LEs               ; 288 LEs                ; Yes        ; |uart|count[31]            ;
; 8:1                ; 2 bits    ; 10 LEs        ; 4 LEs                ; 6 LEs                  ; No         ; |uart|state2               ;
; 16:1               ; 5 bits    ; 50 LEs        ; 20 LEs               ; 30 LEs                 ; No         ; |uart|states               ;
; 18:1               ; 2 bits    ; 24 LEs        ; 4 LEs                ; 20 LEs                 ; No         ; |uart|states               ;
+--------------------+-----------+---------------+----------------------+------------------------+------------+----------------------------+


+-----------------------------------------------------+
; Post-Synthesis Netlist Statistics for Top Partition ;
+-----------------------+-----------------------------+
; Type                  ; Count                       ;
+-----------------------+-----------------------------+
; boundary_port         ; 2                           ;
; cycloneiii_ff         ; 78                          ;
;     ENA               ; 28                          ;
;     ENA SCLR          ; 14                          ;
;     plain             ; 36                          ;
; cycloneiii_lcell_comb ; 173                         ;
;     arith             ; 31                          ;
;         2 data inputs ; 31                          ;
;     normal            ; 142                         ;
;         1 data inputs ; 3                           ;
;         2 data inputs ; 28                          ;
;         3 data inputs ; 16                          ;
;         4 data inputs ; 95                          ;
;                       ;                             ;
; Max LUT depth         ; 9.00                        ;
; Average LUT depth     ; 5.76                        ;
+-----------------------+-----------------------------+


+-------------------------------+
; Elapsed Time Per Partition    ;
+----------------+--------------+
; Partition Name ; Elapsed Time ;
+----------------+--------------+
; Top            ; 00:00:01     ;
+----------------+--------------+


+-------------------------------+
; Analysis & Synthesis Messages ;
+-------------------------------+
Info: *******************************************************************
Info: Running Quartus Prime Analysis & Synthesis
    Info: Version 19.1.0 Build 670 09/22/2019 SJ Lite Edition
    Info: Processing started: Fri Oct 28 23:29:48 2022
Info: Command: quartus_map --read_settings_files=on --write_settings_files=off uart -c uart
Warning (18236): Number of processors has not been specified which may cause overloading on shared machines.  Set the global assignment NUM_PARALLEL_PROCESSORS in your QSF to an appropriate value for best performance.
Info (20030): Parallel compilation is enabled and will use 4 of the 4 processors detected
Warning (10229): Verilog HDL Expression warning at uart.v(59): truncated literal to match 4 bits File: C:/Users/himan/Desktop/verilog/uart/uart.v Line: 59
Info (12021): Found 1 design units, including 1 entities, in source file uart.v
    Info (12023): Found entity 1: uart File: C:/Users/himan/Desktop/verilog/uart/uart.v Line: 20
Info (12127): Elaborating entity "uart" for the top level hierarchy
Warning (10230): Verilog HDL assignment warning at uart.v(283): truncated value with size 32 to match size of target (3) File: C:/Users/himan/Desktop/verilog/uart/uart.v Line: 283
Info (286030): Timing-Driven Synthesis is running
Info (17049): 30 registers lost all their fanouts during netlist optimizations.
Info (144001): Generated suppressed messages file C:/Users/himan/Desktop/verilog/uart/output_files/uart.map.smsg
Info (16010): Generating hard_block partition "hard_block:auto_generated_inst"
    Info (16011): Adding 0 node(s), including 0 DDIO, 0 PLL, 0 transceiver and 0 LCELL
Info (21057): Implemented 181 device resources after synthesis - the final resource count might be different
    Info (21058): Implemented 1 input pins
    Info (21059): Implemented 1 output pins
    Info (21061): Implemented 179 logic cells
Info: Quartus Prime Analysis & Synthesis was successful. 0 errors, 3 warnings
    Info: Peak virtual memory: 4761 megabytes
    Info: Processing ended: Fri Oct 28 23:29:59 2022
    Info: Elapsed time: 00:00:11
    Info: Total CPU time (on all processors): 00:00:20


+------------------------------------------+
; Analysis & Synthesis Suppressed Messages ;
+------------------------------------------+
The suppressed messages can be found in C:/Users/himan/Desktop/verilog/uart/output_files/uart.map.smsg.


